<?xml version="1.0" encoding="UTF-8"?>
<!-- Generated by org.testng.reporters.JUnitReportReporter -->
<testsuite hostname="DESKTOP-14N1F2H" failures="0" tests="1" name="constructor.Information" time="1.146" errors="0" timestamp="2023-09-28T01:29:21 EDT" skipped="0">
  <testcase classname="constructor.Information" name="Facebook" time="1.146"/>
  <system-out/>
</testsuite> <!-- constructor.Information -->
