<?xml version="1.0" encoding="UTF-8"?>
<!-- Generated by org.testng.reporters.JUnitReportReporter -->
<testsuite hostname="DESKTOP-14N1F2H" failures="0" tests="1" name="constructor.OpenApplication" time="5.968" errors="0" timestamp="2023-09-28T22:24:31 EDT" skipped="0">
  <testcase classname="constructor.OpenApplication" name="callLearnConstructor" time="5.968"/>
  <system-out/>
</testsuite> <!-- constructor.OpenApplication -->
