<?xml version="1.0" encoding="UTF-8"?>
<!-- Generated by org.testng.reporters.JUnitReportReporter -->
<testsuite hostname="DESKTOP-14N1F2H" failures="0" tests="2" name="com.MyTest.LoginTest" time="18.271" errors="0" timestamp="2023-09-25T22:59:59 EDT" skipped="0">
  <testcase classname="com.MyTest.LoginTest" name="verifyLoginPageTitleTest" time="8.717"/>
  <system-out/>
  <testcase classname="com.MyTest.LoginTest" name="doLoginTest" time="9.554"/>
  <system-out/>
</testsuite> <!-- com.MyTest.LoginTest -->
