<?xml version="1.0" encoding="UTF-8"?>
<!-- Generated by org.testng.reporters.JUnitReportReporter -->
<testsuite hostname="DESKTOP-14N1F2H" failures="0" tests="1" name="constructor.ConstructorSetUp" time="2.229" errors="0" timestamp="2023-09-28T22:29:42 EDT" skipped="0">
  <testcase classname="constructor.ConstructorSetUp" name="methodOne" time="2.229"/>
  <system-out/>
</testsuite> <!-- constructor.ConstructorSetUp -->
